This is pdfTeX, Version 3.141592653-2.6-1.40.25 (TeX Live 2023) (preloaded format=pdflatex 2026.1.13)  24 FEB 2026 04:20
entering extended mode
 restricted \write18 enabled.
 %&-line parsing enabled.
**mubashircv.tex
(./mubashircv.tex
LaTeX2e <2022-11-01> patch level 1
L3 programming layer <2023-02-22>
(/usr/share/texlive/texmf-dist/tex/latex/base/article.cls
Document Class: article 2022/07/02 v1.4n Standard LaTeX document class
(/usr/share/texlive/texmf-dist/tex/latex/base/size10.clo
File: size10.clo 2022/07/02 v1.4n Standard LaTeX file (size option)
)
\c@part=\count185
\c@section=\count186
\c@subsection=\count187
\c@subsubsection=\count188
\c@paragraph=\count189
\c@subparagraph=\count190
\c@figure=\count191
\c@table=\count192
\abovecaptionskip=\skip48
\belowcaptionskip=\skip49
\bibindent=\dimen140
)
(/usr/share/texlive/texmf-dist/tex/latex/base/inputenc.sty
Package: inputenc 2021/02/14 v1.3d Input encoding file
\inpenc@prehook=\toks16
\inpenc@posthook=\toks17
)
(/usr/share/texlive/texmf-dist/tex/latex/base/fontenc.sty
Package: fontenc 2021/04/29 v2.0v Standard LaTeX package
)
(/usr/share/texlive/texmf-dist/tex/latex/geometry/geometry.sty
Package: geometry 2020/01/02 v5.9 Page Geometry

(/usr/share/texlive/texmf-dist/tex/latex/graphics/keyval.sty
Package: keyval 2022/05/29 v1.15 key=value parser (DPC)
\KV@toks@=\toks18
)
(/usr/share/texlive/texmf-dist/tex/generic/iftex/ifvtex.sty
Package: ifvtex 2019/10/25 v1.7 ifvtex legacy package. Use iftex instead.

(/usr/share/texlive/texmf-dist/tex/generic/iftex/iftex.sty
Package: iftex 2022/02/03 v1.0f TeX engine tests
))
\Gm@cnth=\count193
\Gm@cntv=\count194
\c@Gm@tempcnt=\count195
\Gm@bindingoffset=\dimen141
\Gm@wd@mp=\dimen142
\Gm@odd@mp=\dimen143
\Gm@even@mp=\dimen144
\Gm@layoutwidth=\dimen145
\Gm@layoutheight=\dimen146
\Gm@layouthoffset=\dimen147
\Gm@layoutvoffset=\dimen148
\Gm@dimlist=\toks19
)
(/usr/share/texlive/texmf-dist/tex/latex/hyperref/hyperref.sty
Package: hyperref 2023-02-07 v7.00v Hypertext links for LaTeX

(/usr/share/texlive/texmf-dist/tex/generic/ltxcmds/ltxcmds.sty
Package: ltxcmds 2020-05-10 v1.25 LaTeX kernel commands for general use (HO)
)
(/usr/share/texlive/texmf-dist/tex/generic/pdftexcmds/pdftexcmds.sty
Package: pdftexcmds 2020-06-27 v0.33 Utility functions of pdfTeX for LuaTeX (HO
)

(/usr/share/texlive/texmf-dist/tex/generic/infwarerr/infwarerr.sty
Package: infwarerr 2019/12/03 v1.5 Providing info/warning/error messages (HO)
)
Package pdftexcmds Info: \pdf@primitive is available.
Package pdftexcmds Info: \pdf@ifprimitive is available.
Package pdftexcmds Info: \pdfdraftmode found.
)
(/usr/share/texlive/texmf-dist/tex/latex/kvsetkeys/kvsetkeys.sty
Package: kvsetkeys 2022-10-05 v1.19 Key value parser (HO)
)
(/usr/share/texlive/texmf-dist/tex/generic/kvdefinekeys/kvdefinekeys.sty
Package: kvdefinekeys 2019-12-19 v1.6 Define keys (HO)
)
(/usr/share/texlive/texmf-dist/tex/generic/pdfescape/pdfescape.sty
Package: pdfescape 2019/12/09 v1.15 Implements pdfTeX's escape features (HO)
)
(/usr/share/texlive/texmf-dist/tex/latex/hycolor/hycolor.sty
Package: hycolor 2020-01-27 v1.10 Color options for hyperref/bookmark (HO)
)
(/usr/share/texlive/texmf-dist/tex/latex/letltxmacro/letltxmacro.sty
Package: letltxmacro 2019/12/03 v1.6 Let assignment for LaTeX macros (HO)
)
(/usr/share/texlive/texmf-dist/tex/latex/auxhook/auxhook.sty
Package: auxhook 2019-12-17 v1.6 Hooks for auxiliary files (HO)
)
(/usr/share/texlive/texmf-dist/tex/latex/hyperref/nameref.sty
Package: nameref 2022-05-17 v2.50 Cross-referencing by name of section

(/usr/share/texlive/texmf-dist/tex/latex/refcount/refcount.sty
Package: refcount 2019/12/15 v3.6 Data extraction from label references (HO)
)
(/usr/share/texlive/texmf-dist/tex/generic/gettitlestring/gettitlestring.sty
Package: gettitlestring 2019/12/15 v1.6 Cleanup title references (HO)

(/usr/share/texlive/texmf-dist/tex/latex/kvoptions/kvoptions.sty
Package: kvoptions 2022-06-15 v3.15 Key value format for package options (HO)
))
\c@section@level=\count196
)
\@linkdim=\dimen149
\Hy@linkcounter=\count197
\Hy@pagecounter=\count198

(/usr/share/texlive/texmf-dist/tex/latex/hyperref/pd1enc.def
File: pd1enc.def 2023-02-07 v7.00v Hyperref: PDFDocEncoding definition (HO)
Now handling font encoding PD1 ...
... no UTF-8 mapping file for font encoding PD1
)
(/usr/share/texlive/texmf-dist/tex/generic/intcalc/intcalc.sty
Package: intcalc 2019/12/15 v1.3 Expandable calculations with integers (HO)
)
(/usr/share/texlive/texmf-dist/tex/generic/etexcmds/etexcmds.sty
Package: etexcmds 2019/12/15 v1.7 Avoid name clashes with e-TeX commands (HO)
)
\Hy@SavedSpaceFactor=\count199

(/usr/share/texlive/texmf-dist/tex/latex/hyperref/puenc.def
File: puenc.def 2023-02-07 v7.00v Hyperref: PDF Unicode definition (HO)
Now handling font encoding PU ...
... no UTF-8 mapping file for font encoding PU
)
Package hyperref Info: Hyper figures OFF on input line 4177.
Package hyperref Info: Link nesting OFF on input line 4182.
Package hyperref Info: Hyper index ON on input line 4185.
Package hyperref Info: Plain pages OFF on input line 4192.
Package hyperref Info: Backreferencing OFF on input line 4197.
Package hyperref Info: Implicit mode ON; LaTeX internals redefined.
Package hyperref Info: Bookmarks ON on input line 4425.
\c@Hy@tempcnt=\count266

(/usr/share/texlive/texmf-dist/tex/latex/url/url.sty
\Urlmuskip=\muskip16
Package: url 2013/09/16  ver 3.4  Verb mode for urls, etc.
)
LaTeX Info: Redefining \url on input line 4763.
\XeTeXLinkMargin=\dimen150

(/usr/share/texlive/texmf-dist/tex/generic/bitset/bitset.sty
Package: bitset 2019/12/09 v1.3 Handle bit-vector datatype (HO)

(/usr/share/texlive/texmf-dist/tex/generic/bigintcalc/bigintcalc.sty
Package: bigintcalc 2019/12/15 v1.5 Expandable calculations on big integers (HO
)
))
\Fld@menulength=\count267
\Field@Width=\dimen151
\Fld@charsize=\dimen152
Package hyperref Info: Hyper figures OFF on input line 6042.
Package hyperref Info: Link nesting OFF on input line 6047.
Package hyperref Info: Hyper index ON on input line 6050.
Package hyperref Info: backreferencing OFF on input line 6057.
Package hyperref Info: Link coloring OFF on input line 6062.
Package hyperref Info: Link coloring with OCG OFF on input line 6067.
Package hyperref Info: PDF/A mode OFF on input line 6072.

(/usr/share/texlive/texmf-dist/tex/latex/base/atbegshi-ltx.sty
Package: atbegshi-ltx 2021/01/10 v1.0c Emulation of the original atbegshi
package with kernel methods
)
\Hy@abspage=\count268
\c@Item=\count269
\c@Hfootnote=\count270
)
Package hyperref Info: Driver (autodetected): hpdftex.

(/usr/share/texlive/texmf-dist/tex/latex/hyperref/hpdftex.def
File: hpdftex.def 2023-02-07 v7.00v Hyperref driver for pdfTeX

(/usr/share/texlive/texmf-dist/tex/latex/base/atveryend-ltx.sty
Package: atveryend-ltx 2020/08/19 v1.0a Emulation of the original atveryend pac
kage
with kernel methods
)
\Fld@listcount=\count271
\c@bookmark@seq@number=\count272

(/usr/share/texlive/texmf-dist/tex/latex/rerunfilecheck/rerunfilecheck.sty
Package: rerunfilecheck 2022-07-10 v1.10 Rerun checks for auxiliary files (HO)

(/usr/share/texlive/texmf-dist/tex/generic/uniquecounter/uniquecounter.sty
Package: uniquecounter 2019/12/15 v1.4 Provide unlimited unique counter (HO)
)
Package uniquecounter Info: New unique counter `rerunfilecheck' on input line 2
85.
)
\Hy@SectionHShift=\skip50
)
(/usr/share/texlive/texmf-dist/tex/latex/titlesec/titlesec.sty
Package: titlesec 2021/07/05 v2.14 Sectioning titles
\ttl@box=\box51
\beforetitleunit=\skip51
\aftertitleunit=\skip52
\ttl@plus=\dimen153
\ttl@minus=\dimen154
\ttl@toksa=\toks20
\titlewidth=\dimen155
\titlewidthlast=\dimen156
\titlewidthfirst=\dimen157
)
(/usr/share/texlive/texmf-dist/tex/latex/enumitem/enumitem.sty
Package: enumitem 2019/06/20 v3.9 Customized lists
\labelindent=\skip53
\enit@outerparindent=\dimen158
\enit@toks=\toks21
\enit@inbox=\box52
\enit@count@id=\count273
\enitdp@description=\count274
)
(/usr/share/texlive/texmf-dist/tex/latex/xcolor/xcolor.sty
Package: xcolor 2022/06/12 v2.14 LaTeX color extensions (UK)

(/usr/share/texlive/texmf-dist/tex/latex/graphics-cfg/color.cfg
File: color.cfg 2016/01/02 v1.6 sample color configuration
)
Package xcolor Info: Driver file: pdftex.def on input line 227.

(/usr/share/texlive/texmf-dist/tex/latex/graphics-def/pdftex.def
File: pdftex.def 2022/09/22 v1.2b Graphics/color driver for pdftex
)
(/usr/share/texlive/texmf-dist/tex/latex/graphics/mathcolor.ltx)
Package xcolor Info: Model `cmy' substituted by `cmy0' on input line 1353.
Package xcolor Info: Model `hsb' substituted by `rgb' on input line 1357.
Package xcolor Info: Model `RGB' extended on input line 1369.
Package xcolor Info: Model `HTML' substituted by `rgb' on input line 1371.
Package xcolor Info: Model `Hsb' substituted by `hsb' on input line 1372.
Package xcolor Info: Model `tHsb' substituted by `hsb' on input line 1373.
Package xcolor Info: Model `HSB' substituted by `hsb' on input line 1374.
Package xcolor Info: Model `Gray' substituted by `gray' on input line 1375.
Package xcolor Info: Model `wave' substituted by `hsb' on input line 1376.
)
(/usr/share/texlive/texmf-dist/tex/latex/fontawesome5/fontawesome5.sty
(/usr/share/texlive/texmf-dist/tex/latex/l3kernel/expl3.sty
Package: expl3 2023-02-22 L3 programming layer (loader) 

(/usr/share/texlive/texmf-dist/tex/latex/l3backend/l3backend-pdftex.def
File: l3backend-pdftex.def 2023-01-16 L3 backend support: PDF output (pdfTeX)
\l__color_backend_stack_int=\count275
\l__pdf_internal_box=\box53
))
Package: fontawesome5 2022/05/02 v5.15.4 Font Awesome 5

(/usr/share/texlive/texmf-dist/tex/latex/l3packages/l3keys2e/l3keys2e.sty
Package: l3keys2e 2023-02-02 LaTeX2e option processing using LaTeX3 keys
)
(/usr/share/texlive/texmf-dist/tex/latex/l3packages/xparse/xparse.sty
Package: xparse 2023-02-02 L3 Experimental document command parser
)
(/usr/share/texlive/texmf-dist/tex/latex/fontawesome5/fontawesome5-generic-help
er.sty
Package: fontawesome5-generic-helper 2022/05/02 v5.15.4 non-uTeX helper for fon
tawesome5

(/usr/share/texlive/texmf-dist/tex/latex/fontawesome5/fontawesome5-mapping.def)
)) (/usr/share/texlive/texmf-dist/tex/latex/tools/multicol.sty
Package: multicol 2021/11/30 v1.9d multicolumn formatting (FMi)
\c@tracingmulticols=\count276
\mult@box=\box54
\multicol@leftmargin=\dimen159
\c@unbalance=\count277
\c@collectmore=\count278
\doublecol@number=\count279
\multicoltolerance=\count280
\multicolpretolerance=\count281
\full@width=\dimen160
\page@free=\dimen161
\premulticols=\dimen162
\postmulticols=\dimen163
\multicolsep=\skip54
\multicolbaselineskip=\skip55
\partial@page=\box55
\last@line=\box56
\maxbalancingoverflow=\dimen164
\mult@rightbox=\box57
\mult@grightbox=\box58
\mult@firstbox=\box59
\mult@gfirstbox=\box60
\@tempa=\box61
\@tempa=\box62
\@tempa=\box63
\@tempa=\box64
\@tempa=\box65
\@tempa=\box66
\@tempa=\box67
\@tempa=\box68
\@tempa=\box69
\@tempa=\box70
\@tempa=\box71
\@tempa=\box72
\@tempa=\box73
\@tempa=\box74
\@tempa=\box75
\@tempa=\box76
\@tempa=\box77
\@tempa=\box78
\@tempa=\box79
\@tempa=\box80
\@tempa=\box81
\@tempa=\box82
\@tempa=\box83
\@tempa=\box84
\@tempa=\box85
\@tempa=\box86
\@tempa=\box87
\@tempa=\box88
\@tempa=\box89
\@tempa=\box90
\@tempa=\box91
\@tempa=\box92
\@tempa=\box93
\@tempa=\box94
\@tempa=\box95
\@tempa=\box96
\c@minrows=\count282
\c@columnbadness=\count283
\c@finalcolumnbadness=\count284
\last@try=\dimen165
\multicolovershoot=\dimen166
\multicolundershoot=\dimen167
\mult@nat@firstbox=\box97
\colbreak@box=\box98
\mc@col@check@num=\count285
)
(/usr/share/texlive/texmf-dist/tex/latex/sourcesanspro/sourcesanspro.sty
Package: sourcesanspro 2018/05/19 v2.7 Adobe's Source Sans Pro typeface

(/usr/share/texlive/texmf-dist/tex/generic/iftex/ifxetex.sty
Package: ifxetex 2019/10/25 v0.7 ifxetex legacy package. Use iftex instead.
)
(/usr/share/texlive/texmf-dist/tex/generic/iftex/ifluatex.sty
Package: ifluatex 2019/10/25 v1.5 ifluatex legacy package. Use iftex instead.
)
(/usr/share/texlive/texmf-dist/tex/latex/xkeyval/xkeyval.sty
Package: xkeyval 2022/06/16 v2.9 package option processing (HA)

(/usr/share/texlive/texmf-dist/tex/generic/xkeyval/xkeyval.tex
(/usr/share/texlive/texmf-dist/tex/generic/xkeyval/xkvutils.tex
\XKV@toks=\toks22
\XKV@tempa@toks=\toks23
)
\XKV@depth=\count286
File: xkeyval.tex 2014/12/03 v2.7a key=value parser (HA)
))
(/usr/share/texlive/texmf-dist/tex/latex/base/fontenc.sty
Package: fontenc 2021/04/29 v2.0v Standard LaTeX package

(/usr/share/texlive/texmf-dist/tex/latex/ly1/ly1enc.def
File: ly1enc.def 2022/06/11 v0.8 TeX 'n ANSI encoding (DPC/KB)
Now handling font encoding LY1 ...
... processing UTF-8 mapping file for font encoding LY1

(/usr/share/texlive/texmf-dist/tex/latex/base/ly1enc.dfu
File: ly1enc.dfu 2022/06/07 v1.3c UTF-8 support
   defining Unicode char U+00A0 (decimal 160)
   defining Unicode char U+00A1 (decimal 161)
   defining Unicode char U+00A2 (decimal 162)
   defining Unicode char U+00A3 (decimal 163)
   defining Unicode char U+00A4 (decimal 164)
   defining Unicode char U+00A5 (decimal 165)
   defining Unicode char U+00A6 (decimal 166)
   defining Unicode char U+00A7 (decimal 167)
   defining Unicode char U+00AA (decimal 170)
   defining Unicode char U+00AB (decimal 171)
   defining Unicode char U+00AD (decimal 173)
   defining Unicode char U+00AE (decimal 174)
   defining Unicode char U+00B0 (decimal 176)
   defining Unicode char U+00B5 (decimal 181)
   defining Unicode char U+00B6 (decimal 182)
   defining Unicode char U+00B7 (decimal 183)
   defining Unicode char U+00BA (decimal 186)
   defining Unicode char U+00BB (decimal 187)
   defining Unicode char U+00BC (decimal 188)
   defining Unicode char U+00BD (decimal 189)
   defining Unicode char U+00BE (decimal 190)
   defining Unicode char U+00BF (decimal 191)
   defining Unicode char U+00C0 (decimal 192)
   defining Unicode char U+00C1 (decimal 193)
   defining Unicode char U+00C2 (decimal 194)
   defining Unicode char U+00C3 (decimal 195)
   defining Unicode char U+00C4 (decimal 196)
   defining Unicode char U+00C5 (decimal 197)
   defining Unicode char U+00C6 (decimal 198)
   defining Unicode char U+00C7 (decimal 199)
   defining Unicode char U+00C8 (decimal 200)
   defining Unicode char U+00C9 (decimal 201)
   defining Unicode char U+00CA (decimal 202)
   defining Unicode char U+00CB (decimal 203)
   defining Unicode char U+00CC (decimal 204)
   defining Unicode char U+00CD (decimal 205)
   defining Unicode char U+00CE (decimal 206)
   defining Unicode char U+00CF (decimal 207)
   defining Unicode char U+00D0 (decimal 208)
   defining Unicode char U+00D1 (decimal 209)
   defining Unicode char U+00D2 (decimal 210)
   defining Unicode char U+00D3 (decimal 211)
   defining Unicode char U+00D4 (decimal 212)
   defining Unicode char U+00D5 (decimal 213)
   defining Unicode char U+00D6 (decimal 214)
   defining Unicode char U+00D8 (decimal 216)
   defining Unicode char U+00D9 (decimal 217)
   defining Unicode char U+00DA (decimal 218)
   defining Unicode char U+00DB (decimal 219)
   defining Unicode char U+00DC (decimal 220)
   defining Unicode char U+00DD (decimal 221)
   defining Unicode char U+00DE (decimal 222)
   defining Unicode char U+00DF (decimal 223)
   defining Unicode char U+00E0 (decimal 224)
   defining Unicode char U+00E1 (decimal 225)
   defining Unicode char U+00E2 (decimal 226)
   defining Unicode char U+00E3 (decimal 227)
   defining Unicode char U+00E4 (decimal 228)
   defining Unicode char U+00E5 (decimal 229)
   defining Unicode char U+00E6 (decimal 230)
   defining Unicode char U+00E7 (decimal 231)
   defining Unicode char U+00E8 (decimal 232)
   defining Unicode char U+00E9 (decimal 233)
   defining Unicode char U+00EA (decimal 234)
   defining Unicode char U+00EB (decimal 235)
   defining Unicode char U+00EC (decimal 236)
   defining Unicode char U+00ED (decimal 237)
   defining Unicode char U+00EE (decimal 238)
   defining Unicode char U+00EF (decimal 239)
   defining Unicode char U+00F0 (decimal 240)
   defining Unicode char U+00F1 (decimal 241)
   defining Unicode char U+00F2 (decimal 242)
   defining Unicode char U+00F3 (decimal 243)
   defining Unicode char U+00F4 (decimal 244)
   defining Unicode char U+00F5 (decimal 245)
   defining Unicode char U+00F6 (decimal 246)
   defining Unicode char U+00F8 (decimal 248)
   defining Unicode char U+00F9 (decimal 249)
   defining Unicode char U+00FA (decimal 250)
   defining Unicode char U+00FB (decimal 251)
   defining Unicode char U+00FC (decimal 252)
   defining Unicode char U+00FD (decimal 253)
   defining Unicode char U+00FE (decimal 254)
   defining Unicode char U+00FF (decimal 255)
   defining Unicode char U+0131 (decimal 305)
   defining Unicode char U+0141 (decimal 321)
   defining Unicode char U+0142 (decimal 322)
   defining Unicode char U+0152 (decimal 338)
   defining Unicode char U+0153 (decimal 339)
   defining Unicode char U+0160 (decimal 352)
   defining Unicode char U+0161 (decimal 353)
   defining Unicode char U+0174 (decimal 372)
   defining Unicode char U+0175 (decimal 373)
   defining Unicode char U+0176 (decimal 374)
   defining Unicode char U+0177 (decimal 375)
   defining Unicode char U+0178 (decimal 376)
   defining Unicode char U+017D (decimal 381)
   defining Unicode char U+017E (decimal 382)
   defining Unicode char U+0192 (decimal 402)
   defining Unicode char U+0218 (decimal 536)
   defining Unicode char U+0219 (decimal 537)
   defining Unicode char U+021A (decimal 538)
   defining Unicode char U+021B (decimal 539)
   defining Unicode char U+0237 (decimal 567)
   defining Unicode char U+02C6 (decimal 710)
   defining Unicode char U+02DC (decimal 732)
   defining Unicode char U+2013 (decimal 8211)
   defining Unicode char U+2014 (decimal 8212)
   defining Unicode char U+201C (decimal 8220)
   defining Unicode char U+201D (decimal 8221)
   defining Unicode char U+2020 (decimal 8224)
   defining Unicode char U+2021 (decimal 8225)
   defining Unicode char U+2022 (decimal 8226)
   defining Unicode char U+2026 (decimal 8230)
   defining Unicode char U+2030 (decimal 8240)
   defining Unicode char U+2039 (decimal 8249)
   defining Unicode char U+203A (decimal 8250)
   defining Unicode char U+2122 (decimal 8482)
   defining Unicode char U+FB00 (decimal 64256)
   defining Unicode char U+FB01 (decimal 64257)
   defining Unicode char U+FB02 (decimal 64258)
   defining Unicode char U+FB03 (decimal 64259)
   defining Unicode char U+FB04 (decimal 64260)
   defining Unicode char U+FB05 (decimal 64261)
   defining Unicode char U+FB06 (decimal 64262)
))))
LaTeX Font Info:    Trying to load font information for T1+SourceSansPro-TLF on
 input line 39.

(/usr/share/texlive/texmf-dist/tex/latex/sourcesanspro/T1SourceSansPro-TLF.fd
File: T1SourceSansPro-TLF.fd 2020/01/19 (autoinst) Font definitions for T1/Sour
ceSansPro-TLF.
)
LaTeX Font Info:    Font shape `T1/SourceSansPro-TLF/m/n' aliased to
(Font)              `T1/SourceSansPro-TLF/regular/n' on input line 39.
LaTeX Font Info:    Font shape `T1/SourceSansPro-TLF/regular/n' will be
(Font)              scaled to size 10.0pt on input line 39.


LaTeX Warning: Unused global option(s):
    [sans].

(./mubashircv.aux)
\openout1 = `mubashircv.aux'.

LaTeX Font Info:    Checking defaults for OML/cmm/m/it on input line 39.
LaTeX Font Info:    ... okay on input line 39.
LaTeX Font Info:    Checking defaults for OMS/cmsy/m/n on input line 39.
LaTeX Font Info:    ... okay on input line 39.
LaTeX Font Info:    Checking defaults for OT1/cmr/m/n on input line 39.
LaTeX Font Info:    ... okay on input line 39.
LaTeX Font Info:    Checking defaults for T1/cmr/m/n on input line 39.
LaTeX Font Info:    ... okay on input line 39.
LaTeX Font Info:    Checking defaults for TS1/cmr/m/n on input line 39.
LaTeX Font Info:    ... okay on input line 39.
LaTeX Font Info:    Checking defaults for OMX/cmex/m/n on input line 39.
LaTeX Font Info:    ... okay on input line 39.
LaTeX Font Info:    Checking defaults for U/cmr/m/n on input line 39.
LaTeX Font Info:    ... okay on input line 39.
LaTeX Font Info:    Checking defaults for PD1/pdf/m/n on input line 39.
LaTeX Font Info:    ... okay on input line 39.
LaTeX Font Info:    Checking defaults for PU/pdf/m/n on input line 39.
LaTeX Font Info:    ... okay on input line 39.
LaTeX Font Info:    Checking defaults for LY1/ptm/m/n on input line 39.
LaTeX Font Info:    Trying to load font information for LY1+ptm on input line 3
9.
 (/usr/share/texlive/texmf-dist/tex/latex/ly1/ly1ptm.fd
File: ly1ptm.fd 2001/02/01 font definitions for LY1/ptm using Berry names.
)
LaTeX Font Info:    ... okay on input line 39.

*geometry* driver: auto-detecting
*geometry* detected driver: pdftex
*geometry* verbose mode - [ preamble ] result:
* driver: pdftex
* paper: a4paper
* layout: <same size as paper>
* layoutoffset:(h,v)=(0.0pt,0.0pt)
* modes: 
* h-part:(L,W,R)=(28.90755pt, 539.69278pt, 28.90755pt)
* v-part:(T,H,B)=(28.90755pt, 787.23175pt, 28.90755pt)
* \paperwidth=597.50787pt
* \paperheight=845.04684pt
* \textwidth=539.69278pt
* \textheight=787.23175pt
* \oddsidemargin=-43.36244pt
* \evensidemargin=-43.36244pt
* \topmargin=-80.36244pt
* \headheight=12.0pt
* \headsep=25.0pt
* \topskip=10.0pt
* \footskip=30.0pt
* \marginparwidth=57.0pt
* \marginparsep=11.0pt
* \columnsep=10.0pt
* \skip\footins=9.0pt plus 4.0pt minus 2.0pt
* \hoffset=0.0pt
* \voffset=0.0pt
* \mag=1000
* \@twocolumnfalse
* \@twosidefalse
* \@mparswitchfalse
* \@reversemarginfalse
* (1in=72.27pt=25.4mm, 1cm=28.453pt)

Package hyperref Info: Link coloring OFF on input line 39.
(./mubashircv.out) (./mubashircv.out)
\@outlinefile=\write3
\openout3 = `mubashircv.out'.


(/usr/share/texlive/texmf-dist/tex/context/base/mkii/supp-pdf.mkii
[Loading MPS to PDF converter (version 2006.09.02).]
\scratchcounter=\count287
\scratchdimen=\dimen168
\scratchbox=\box99
\nofMPsegments=\count288
\nofMParguments=\count289
\everyMPshowfont=\toks24
\MPscratchCnt=\count290
\MPscratchDim=\dimen169
\MPnumerator=\count291
\makeMPintoPDFobject=\count292
\everyMPtoPDFconversion=\toks25
)
LaTeX Font Info:    Font shape `T1/SourceSansPro-TLF/m/n' aliased to
(Font)              `T1/SourceSansPro-TLF/regular/n' on input line 45.
LaTeX Font Info:    Font shape `T1/SourceSansPro-TLF/regular/n' will be
(Font)              scaled to size 24.88pt on input line 45.
LaTeX Font Info:    Font shape `T1/SourceSansPro-TLF/b/n' aliased to
(Font)              `T1/SourceSansPro-TLF/bold/n' on input line 45.
LaTeX Font Info:    Font shape `T1/SourceSansPro-TLF/bold/n' will be
(Font)              scaled to size 24.88pt on input line 45.
LaTeX Font Info:    Font shape `T1/SourceSansPro-TLF/m/n' aliased to
(Font)              `T1/SourceSansPro-TLF/regular/n' on input line 47.
LaTeX Font Info:    Font shape `T1/SourceSansPro-TLF/regular/n' will be
(Font)              scaled to size 12.0pt on input line 47.
LaTeX Font Info:    Font shape `T1/SourceSansPro-TLF/b/n' aliased to
(Font)              `T1/SourceSansPro-TLF/bold/n' on input line 47.
LaTeX Font Info:    Font shape `T1/SourceSansPro-TLF/bold/n' will be
(Font)              scaled to size 12.0pt on input line 47.
LaTeX Font Info:    Font shape `T1/SourceSansPro-TLF/m/n' aliased to
(Font)              `T1/SourceSansPro-TLF/regular/n' on input line 49.
LaTeX Font Info:    Font shape `T1/SourceSansPro-TLF/regular/n' will be
(Font)              scaled to size 9.0pt on input line 49.
LaTeX Font Info:    Trying to load font information for U+fontawesomefree2 on i
nput line 50.
 (/usr/share/texlive/texmf-dist/tex/latex/fontawesome5/ufontawesomefree2.fd)
LaTeX Font Info:    External font `cmex10' loaded for size
(Font)              <9> on input line 50.
LaTeX Font Info:    External font `cmex10' loaded for size
(Font)              <6> on input line 50.
LaTeX Font Info:    External font `cmex10' loaded for size
(Font)              <5> on input line 50.
LaTeX Font Info:    Trying to load font information for U+fontawesomefree1 on i
nput line 52.

(/usr/share/texlive/texmf-dist/tex/latex/fontawesome5/ufontawesomefree1.fd)
LaTeX Font Info:    Trying to load font information for U+fontawesomebrands0 on
 input line 54.

(/usr/share/texlive/texmf-dist/tex/latex/fontawesome5/ufontawesomebrands0.fd)
LaTeX Font Info:    Font shape `U/fontawesomebrands0/solid/n' in size <9> not a
vailable
(Font)              Font shape `U/fontawesomebrands0/regular/n' tried instead o
n input line 54.
LaTeX Font Info:    Font shape `T1/SourceSansPro-TLF/b/n' aliased to
(Font)              `T1/SourceSansPro-TLF/bold/n' on input line 66.
LaTeX Font Info:    Font shape `T1/SourceSansPro-TLF/bold/n' will be
(Font)              scaled to size 10.0pt on input line 66.
LaTeX Font Info:    Font shape `T1/SourceSansPro-TLF/m/it' aliased to
(Font)              `T1/SourceSansPro-TLF/regular/it' on input line 66.
LaTeX Font Info:    Font shape `T1/SourceSansPro-TLF/regular/it' will be
(Font)              scaled to size 10.0pt on input line 66.
LaTeX Font Info:    Trying to load font information for TS1+SourceSansPro-TLF o
n input line 67.

(/usr/share/texlive/texmf-dist/tex/latex/sourcesanspro/TS1SourceSansPro-TLF.fd
File: TS1SourceSansPro-TLF.fd 2020/01/19 (autoinst) Font definitions for TS1/So
urceSansPro-TLF.
)
LaTeX Font Info:    Font shape `TS1/SourceSansPro-TLF/m/n' aliased to
(Font)              `TS1/SourceSansPro-TLF/regular/n' on input line 67.
LaTeX Font Info:    Font shape `TS1/SourceSansPro-TLF/regular/n' will be
(Font)              scaled to size 10.0pt on input line 67.

Overfull \hbox (12.78398pt too wide) in paragraph at lines 118--119
[]\T1/SourceSansPro-TLF/bold/n/10 Full-Stack & Cloud De-ploy-ment: \T1/SourceSa
nsPro-TLF/regular/n/10 De-liv-er-ing cost-optimized, end-to-end so-lu-tions uti
-liz-ing Next.js, the MERN stack, vec-tor databases,
 []

LaTeX Font Info:    External font `cmex10' loaded for size
(Font)              <7> on input line 125.
LaTeX Font Info:    Font shape `U/fontawesomebrands0/solid/n' in size <10> not 
available
(Font)              Font shape `U/fontawesomebrands0/regular/n' tried instead o
n input line 130.
LaTeX Font Info:    Trying to load font information for U+fontawesomefree0 on i
nput line 132.
(/usr/share/texlive/texmf-dist/tex/latex/fontawesome5/ufontawesomefree0.fd)
LaTeX Font Info:    Trying to load font information for U+fontawesomefree3 on i
nput line 133.

(/usr/share/texlive/texmf-dist/tex/latex/fontawesome5/ufontawesomefree3.fd)
[1

{/var/lib/texmf/fonts/map/pdftex/updmap/pdftex.map}{/usr/share/texlive/texmf-di
st/fonts/enc/dvips/sourcesanspro/a_emkxm5.enc}{/usr/share/texlive/texmf-dist/fo
nts/enc/dvips/fontawesome5/fa5free2.enc}{/usr/share/texlive/texmf-dist/fonts/en
c/dvips/fontawesome5/fa5free1.enc}{/usr/share/texlive/texmf-dist/fonts/enc/dvip
s/fontawesome5/fa5brands0.enc}{/usr/share/texlive/texmf-dist/fonts/enc/dvips/so
urcesanspro/a_5ponh6.enc}{/usr/share/texlive/texmf-dist/fonts/enc/dvips/fontawe
some5/fa5free0.enc}{/usr/share/texlive/texmf-dist/fonts/enc/dvips/fontawesome5/
fa5free3.enc}] (./mubashircv.aux)
Package rerunfilecheck Info: File `mubashircv.out' has not changed.
(rerunfilecheck)             Checksum: D41D8CD98F00B204E9800998ECF8427E;0.
 ) 
Here is how much of TeX's memory you used:
 13686 strings out of 476041
 239841 string characters out of 5793174
 1876388 words of memory out of 6000000
 33962 multiletter control sequences out of 15000+600000
 593350 words of font info for 62 fonts, out of 8000000 for 9000
 1137 hyphenation exceptions out of 8191
 75i,5n,76p,438b,428s stack positions out of 10000i,1000n,20000p,200000b,200000s
</usr/share/texlive/texmf-dist/fonts/type1/public/fontawesome5/FontAwesome5Br
ands-Regular.pfb></usr/share/texlive/texmf-dist/fonts/type1/public/fontawesome5
/FontAwesome5Free-Solid.pfb></usr/share/texlive/texmf-dist/fonts/type1/adobe/so
urcesanspro/SourceSansPro-Bold.pfb></usr/share/texlive/texmf-dist/fonts/type1/a
dobe/sourcesanspro/SourceSansPro-It.pfb></usr/share/texlive/texmf-dist/fonts/ty
pe1/adobe/sourcesanspro/SourceSansPro-Regular.pfb></usr/share/texlive/texmf-dis
t/fonts/type1/public/amsfonts/cm/cmsy10.pfb></usr/share/texlive/texmf-dist/font
s/type1/public/amsfonts/cm/cmsy9.pfb>
Output written on mubashircv.pdf (1 page, 237545 bytes).
PDF statistics:
 71 PDF objects out of 1000 (max. 8388607)
 49 compressed objects within 1 object stream
 2 named destinations out of 1000 (max. 500000)
 1 words of extra memory for PDF output out of 10000 (max. 10000000)

